[debug] [2021-03-13T11:04:29.641Z] ----------------------------------------------------------------------
[debug] [2021-03-13T11:04:29.646Z] Command:       C:\Program Files\nodejs\node.exe C:\Users\adela\OneDrive\문서\코드스쿼드\혼자연습\chat_bot\node_modules\firebase-tools\lib\bin\firebase.js init
[debug] [2021-03-13T11:04:29.647Z] CLI Version:   9.6.1
[debug] [2021-03-13T11:04:29.648Z] Platform:      win32
[debug] [2021-03-13T11:04:29.648Z] Node Version:  v14.15.1
[debug] [2021-03-13T11:04:29.651Z] Time:          Sat Mar 13 2021 20:04:29 GMT+0900 (대한민국 표준시)
[debug] [2021-03-13T11:04:29.651Z] ----------------------------------------------------------------------
[debug] [2021-03-13T11:04:29.652Z] 
[debug] [2021-03-13T11:04:29.671Z] > command requires scopes: ["email","openid","https://www.googleapis.com/auth/cloudplatformprojects.readonly","https://www.googleapis.com/auth/firebase","https://www.googleapis.com/auth/cloud-platform"]
[debug] [2021-03-13T11:04:29.673Z] > authorizing via signed-in user
[info] 
     ######## #### ########  ######## ########     ###     ######  ########
     ##        ##  ##     ## ##       ##     ##  ##   ##  ##       ##
     ######    ##  ########  ######   ########  #########  ######  ######
     ##        ##  ##    ##  ##       ##     ## ##     ##       ## ##
     ##       #### ##     ## ######## ########  ##     ##  ######  ########

You're about to initialize a Firebase project in this directory:

  C:\Users\adela\OneDrive\문서\코드스쿼드\혼자연습\chat_bot

[info] 
=== Project Setup
[info] 
[info] First, let's associate this project directory with a Firebase project.
[info] You can create multiple project aliases by running firebase use --add, 
[info] but for now we'll just set up a default project.
[info] 
[debug] [2021-03-13T11:05:16.736Z] ----------------------------------------------------------------------
[debug] [2021-03-13T11:05:16.742Z] Command:       C:\Program Files\nodejs\node.exe C:\Users\adela\OneDrive\문서\코드스쿼드\혼자연습\chat_bot\node_modules\firebase-tools\lib\bin\firebase.js init
[debug] [2021-03-13T11:05:16.743Z] CLI Version:   9.6.1
[debug] [2021-03-13T11:05:16.743Z] Platform:      win32
[debug] [2021-03-13T11:05:16.744Z] Node Version:  v14.15.1
[debug] [2021-03-13T11:05:16.746Z] Time:          Sat Mar 13 2021 20:05:16 GMT+0900 (대한민국 표준시)
[debug] [2021-03-13T11:05:16.747Z] ----------------------------------------------------------------------
[debug] [2021-03-13T11:05:16.747Z] 
[debug] [2021-03-13T11:05:16.771Z] > command requires scopes: ["email","openid","https://www.googleapis.com/auth/cloudplatformprojects.readonly","https://www.googleapis.com/auth/firebase","https://www.googleapis.com/auth/cloud-platform"]
[debug] [2021-03-13T11:05:16.774Z] > authorizing via signed-in user
[info] 
     ######## #### ########  ######## ########     ###     ######  ########
     ##        ##  ##     ## ##       ##     ##  ##   ##  ##       ##
     ######    ##  ########  ######   ########  #########  ######  ######
     ##        ##  ##    ##  ##       ##     ## ##     ##       ## ##
     ##       #### ##     ## ######## ########  ##     ##  ######  ########

You're about to initialize a Firebase project in this directory:

  C:\Users\adela\OneDrive\문서\코드스쿼드\혼자연습\chat_bot

[info] 
=== Project Setup
[info] 
[info] First, let's associate this project directory with a Firebase project.
[info] You can create multiple project aliases by running firebase use --add, 
[info] but for now we'll just set up a default project.
[info] 
[debug] [2021-03-13T11:05:42.624Z] >>> [apiv2][query] GET https://firebase.googleapis.com/v1beta1/projects pageSize=100
[debug] [2021-03-13T11:05:43.401Z] <<< [apiv2][status] GET https://firebase.googleapis.com/v1beta1/projects 200
[debug] [2021-03-13T11:05:43.402Z] <<< [apiv2][body] GET https://firebase.googleapis.com/v1beta1/projects [omitted]
[info] i  Using project requests-5db14 (requests) 
[info] 
=== Hosting Setup
[info] 
[info] Your public directory is the folder (relative to your project directory) that
[info] will contain Hosting assets to be uploaded with firebase deploy. If you
[info] have a build process for your assets, use your build's output directory.
[info] 
